Analysis & Synthesis report for trabalho_td
Sun Jan 18 14:55:34 2026
Quartus II 64-Bit Version 13.0.1 Build 232 06/12/2013 Service Pack 1 SJ Web Edition


---------------------
; Table of Contents ;
---------------------
  1. Legal Notice
  2. Analysis & Synthesis Summary
  3. Analysis & Synthesis Settings
  4. Parallel Compilation
  5. Analysis & Synthesis Source Files Read
  6. Analysis & Synthesis Resource Usage Summary
  7. Analysis & Synthesis Resource Utilization by Entity
  8. General Register Statistics
  9. Multiplexer Restructuring Statistics (Restructuring Performed)
 10. Parameter Settings for Inferred Entity Instance: display_7seg:display|lpm_divide:Div0
 11. Parameter Settings for Inferred Entity Instance: display_7seg:display|lpm_divide:Mod0
 12. Port Connectivity Checks: "menor:comparar_menor|subtrator4bits:subtracao"
 13. Port Connectivity Checks: "maior:comparar_maior|subtrator4bits:subtracao"
 14. Port Connectivity Checks: "sr_b:shift_direita"
 15. Port Connectivity Checks: "sl_a:shift_esquerda|mux2_1:mux4"
 16. Port Connectivity Checks: "sl_a:shift_esquerda"
 17. Port Connectivity Checks: "multiplicador4bits:multiplicador|somador4bits:soma3"
 18. Port Connectivity Checks: "multiplicador4bits:multiplicador|somador4bits:soma2"
 19. Port Connectivity Checks: "multiplicador4bits:multiplicador|somador4bits:soma1"
 20. Port Connectivity Checks: "subtrator4bits:subtrator|somador4bits:complemento2"
 21. Port Connectivity Checks: "subtrator4bits:subtrator|somador_completo:soma1"
 22. Port Connectivity Checks: "subtrator4bits:subtrator"
 23. Port Connectivity Checks: "somador4bits:somador"
 24. Elapsed Time Per Partition
 25. Analysis & Synthesis Messages



----------------
; Legal Notice ;
----------------
Copyright (C) 1991-2013 Altera Corporation
Your use of Altera Corporation's design tools, logic functions 
and other software and tools, and its AMPP partner logic 
functions, and any output files from any of the foregoing 
(including device programming or simulation files), and any 
associated documentation or information are expressly subject 
to the terms and conditions of the Altera Program License 
Subscription Agreement, Altera MegaCore Function License 
Agreement, or other applicable license agreement, including, 
without limitation, that your use is for the sole purpose of 
programming logic devices manufactured by Altera and sold by 
Altera or its authorized distributors.  Please refer to the 
applicable agreement for further details.



+--------------------------------------------------------------------------------------+
; Analysis & Synthesis Summary                                                         ;
+------------------------------------+-------------------------------------------------+
; Analysis & Synthesis Status        ; Successful - Sun Jan 18 14:55:34 2026           ;
; Quartus II 64-Bit Version          ; 13.0.1 Build 232 06/12/2013 SP 1 SJ Web Edition ;
; Revision Name                      ; trabalho_td                                     ;
; Top-level Entity Name              ; display_mux                                     ;
; Family                             ; Cyclone IV GX                                   ;
; Total logic elements               ; 209                                             ;
;     Total combinational functions  ; 209                                             ;
;     Dedicated logic registers      ; 0                                               ;
; Total registers                    ; 0                                               ;
; Total pins                         ; 29                                              ;
; Total virtual pins                 ; 0                                               ;
; Total memory bits                  ; 0                                               ;
; Embedded Multiplier 9-bit elements ; 0                                               ;
; Total GXB Receiver Channel PCS     ; 0                                               ;
; Total GXB Receiver Channel PMA     ; 0                                               ;
; Total GXB Transmitter Channel PCS  ; 0                                               ;
; Total GXB Transmitter Channel PMA  ; 0                                               ;
; Total PLLs                         ; 0                                               ;
+------------------------------------+-------------------------------------------------+


+----------------------------------------------------------------------------------------------------------------------+
; Analysis & Synthesis Settings                                                                                        ;
+----------------------------------------------------------------------------+--------------------+--------------------+
; Option                                                                     ; Setting            ; Default Value      ;
+----------------------------------------------------------------------------+--------------------+--------------------+
; Top-level entity name                                                      ; display_mux        ; trabalho_td        ;
; Family name                                                                ; Cyclone IV GX      ; Cyclone IV GX      ;
; Use smart compilation                                                      ; Off                ; Off                ;
; Enable parallel Assembler and TimeQuest Timing Analyzer during compilation ; On                 ; On                 ;
; Enable compact report table                                                ; Off                ; Off                ;
; Restructure Multiplexers                                                   ; Auto               ; Auto               ;
; Create Debugging Nodes for IP Cores                                        ; Off                ; Off                ;
; Preserve fewer node names                                                  ; On                 ; On                 ;
; Disable OpenCore Plus hardware evaluation                                  ; Off                ; Off                ;
; Verilog Version                                                            ; Verilog_2001       ; Verilog_2001       ;
; VHDL Version                                                               ; VHDL_1993          ; VHDL_1993          ;
; State Machine Processing                                                   ; Auto               ; Auto               ;
; Safe State Machine                                                         ; Off                ; Off                ;
; Extract Verilog State Machines                                             ; On                 ; On                 ;
; Extract VHDL State Machines                                                ; On                 ; On                 ;
; Ignore Verilog initial constructs                                          ; Off                ; Off                ;
; Iteration limit for constant Verilog loops                                 ; 5000               ; 5000               ;
; Iteration limit for non-constant Verilog loops                             ; 250                ; 250                ;
; Add Pass-Through Logic to Inferred RAMs                                    ; On                 ; On                 ;
; Infer RAMs from Raw Logic                                                  ; On                 ; On                 ;
; Parallel Synthesis                                                         ; On                 ; On                 ;
; DSP Block Balancing                                                        ; Auto               ; Auto               ;
; NOT Gate Push-Back                                                         ; On                 ; On                 ;
; Power-Up Don't Care                                                        ; On                 ; On                 ;
; Remove Redundant Logic Cells                                               ; Off                ; Off                ;
; Remove Duplicate Registers                                                 ; On                 ; On                 ;
; Ignore CARRY Buffers                                                       ; Off                ; Off                ;
; Ignore CASCADE Buffers                                                     ; Off                ; Off                ;
; Ignore GLOBAL Buffers                                                      ; Off                ; Off                ;
; Ignore ROW GLOBAL Buffers                                                  ; Off                ; Off                ;
; Ignore LCELL Buffers                                                       ; Off                ; Off                ;
; Ignore SOFT Buffers                                                        ; On                 ; On                 ;
; Limit AHDL Integers to 32 Bits                                             ; Off                ; Off                ;
; Optimization Technique                                                     ; Balanced           ; Balanced           ;
; Carry Chain Length                                                         ; 70                 ; 70                 ;
; Auto Carry Chains                                                          ; On                 ; On                 ;
; Auto Open-Drain Pins                                                       ; On                 ; On                 ;
; Perform WYSIWYG Primitive Resynthesis                                      ; Off                ; Off                ;
; Auto ROM Replacement                                                       ; On                 ; On                 ;
; Auto RAM Replacement                                                       ; On                 ; On                 ;
; Auto DSP Block Replacement                                                 ; On                 ; On                 ;
; Auto Shift Register Replacement                                            ; Auto               ; Auto               ;
; Allow Shift Register Merging across Hierarchies                            ; Auto               ; Auto               ;
; Auto Clock Enable Replacement                                              ; On                 ; On                 ;
; Strict RAM Replacement                                                     ; Off                ; Off                ;
; Allow Synchronous Control Signals                                          ; On                 ; On                 ;
; Force Use of Synchronous Clear Signals                                     ; Off                ; Off                ;
; Auto RAM Block Balancing                                                   ; On                 ; On                 ;
; Auto RAM to Logic Cell Conversion                                          ; Off                ; Off                ;
; Auto Resource Sharing                                                      ; Off                ; Off                ;
; Allow Any RAM Size For Recognition                                         ; Off                ; Off                ;
; Allow Any ROM Size For Recognition                                         ; Off                ; Off                ;
; Allow Any Shift Register Size For Recognition                              ; Off                ; Off                ;
; Use LogicLock Constraints during Resource Balancing                        ; On                 ; On                 ;
; Ignore translate_off and synthesis_off directives                          ; Off                ; Off                ;
; Timing-Driven Synthesis                                                    ; On                 ; On                 ;
; Report Parameter Settings                                                  ; On                 ; On                 ;
; Report Source Assignments                                                  ; On                 ; On                 ;
; Report Connectivity Checks                                                 ; On                 ; On                 ;
; Ignore Maximum Fan-Out Assignments                                         ; Off                ; Off                ;
; Synchronization Register Chain Length                                      ; 2                  ; 2                  ;
; PowerPlay Power Optimization                                               ; Normal compilation ; Normal compilation ;
; HDL message level                                                          ; Level2             ; Level2             ;
; Suppress Register Optimization Related Messages                            ; Off                ; Off                ;
; Number of Removed Registers Reported in Synthesis Report                   ; 5000               ; 5000               ;
; Number of Swept Nodes Reported in Synthesis Report                         ; 5000               ; 5000               ;
; Number of Inverted Registers Reported in Synthesis Report                  ; 100                ; 100                ;
; Clock MUX Protection                                                       ; On                 ; On                 ;
; Auto Gated Clock Conversion                                                ; Off                ; Off                ;
; Block Design Naming                                                        ; Auto               ; Auto               ;
; SDC constraint protection                                                  ; Off                ; Off                ;
; Synthesis Effort                                                           ; Auto               ; Auto               ;
; Shift Register Replacement - Allow Asynchronous Clear Signal               ; On                 ; On                 ;
; Pre-Mapping Resynthesis Optimization                                       ; Off                ; Off                ;
; Analysis & Synthesis Message Level                                         ; Medium             ; Medium             ;
; Disable Register Merging Across Hierarchies                                ; Auto               ; Auto               ;
; Resource Aware Inference For Block RAM                                     ; On                 ; On                 ;
; Synthesis Seed                                                             ; 1                  ; 1                  ;
+----------------------------------------------------------------------------+--------------------+--------------------+


Parallel compilation was disabled, but you have multiple processors available. Enable parallel compilation to reduce compilation time.
+-------------------------------------+
; Parallel Compilation                ;
+----------------------------+--------+
; Processors                 ; Number ;
+----------------------------+--------+
; Number detected on machine ; 12     ;
; Maximum allowed            ; 1      ;
+----------------------------+--------+


+------------------------------------------------------------------------------------------------------------------------------------------------------------------------------------------------------------------------+
; Analysis & Synthesis Source Files Read                                                                                                                                                                                 ;
+----------------------------------+-----------------+------------------------------+--------------------------------------------------------------------------------------------------------------------------+---------+
; File Name with User-Entered Path ; Used in Netlist ; File Type                    ; File Name with Absolute Path                                                                                             ; Library ;
+----------------------------------+-----------------+------------------------------+--------------------------------------------------------------------------------------------------------------------------+---------+
; meio_somador.vhd                 ; yes             ; User VHDL File               ; C:/Users/Vivian Oliveira/Downloads/trabalho TD-20260118T172604Z-3-001/trabalho TD/trabalho_td/meio_somador.vhd           ;         ;
; somador_completo.vhd             ; yes             ; User VHDL File               ; C:/Users/Vivian Oliveira/Downloads/trabalho TD-20260118T172604Z-3-001/trabalho TD/trabalho_td/somador_completo.vhd       ;         ;
; somador4bits.vhd                 ; yes             ; User VHDL File               ; C:/Users/Vivian Oliveira/Downloads/trabalho TD-20260118T172604Z-3-001/trabalho TD/trabalho_td/somador4bits.vhd           ;         ;
; multiplicador4bits.vhd           ; yes             ; User VHDL File               ; C:/Users/Vivian Oliveira/Downloads/trabalho TD-20260118T172604Z-3-001/trabalho TD/trabalho_td/multiplicador4bits.vhd     ;         ;
; subtrator4bits.vhd               ; yes             ; User VHDL File               ; C:/Users/Vivian Oliveira/Downloads/trabalho TD-20260118T172604Z-3-001/trabalho TD/trabalho_td/subtrator4bits.vhd         ;         ;
; display_7seg.vhd                 ; yes             ; User VHDL File               ; C:/Users/Vivian Oliveira/Downloads/trabalho TD-20260118T172604Z-3-001/trabalho TD/trabalho_td/display_7seg.vhd           ;         ;
; cod_bin_hexa.vhd                 ; yes             ; User VHDL File               ; C:/Users/Vivian Oliveira/Downloads/trabalho TD-20260118T172604Z-3-001/trabalho TD/trabalho_td/cod_bin_hexa.vhd           ;         ;
; display_mux.vhd                  ; yes             ; User VHDL File               ; C:/Users/Vivian Oliveira/Downloads/trabalho TD-20260118T172604Z-3-001/trabalho TD/trabalho_td/display_mux.vhd            ;         ;
; mux2_1.vhd                       ; yes             ; User VHDL File               ; C:/Users/Vivian Oliveira/Downloads/trabalho TD-20260118T172604Z-3-001/trabalho TD/trabalho_td/mux2_1.vhd                 ;         ;
; sl_a.vhd                         ; yes             ; User VHDL File               ; C:/Users/Vivian Oliveira/Downloads/trabalho TD-20260118T172604Z-3-001/trabalho TD/trabalho_td/sl_a.vhd                   ;         ;
; a_xor_b.vhd                      ; yes             ; User VHDL File               ; C:/Users/Vivian Oliveira/Downloads/trabalho TD-20260118T172604Z-3-001/trabalho TD/trabalho_td/a_xor_b.vhd                ;         ;
; maior.vhd                        ; yes             ; User VHDL File               ; C:/Users/Vivian Oliveira/Downloads/trabalho TD-20260118T172604Z-3-001/trabalho TD/trabalho_td/maior.vhd                  ;         ;
; menor.vhd                        ; yes             ; User VHDL File               ; C:/Users/Vivian Oliveira/Downloads/trabalho TD-20260118T172604Z-3-001/trabalho TD/trabalho_td/menor.vhd                  ;         ;
; sr_b.vhd                         ; yes             ; User VHDL File               ; C:/Users/Vivian Oliveira/Downloads/trabalho TD-20260118T172604Z-3-001/trabalho TD/trabalho_td/sr_b.vhd                   ;         ;
; lpm_divide.tdf                   ; yes             ; Megafunction                 ; c:/altera/13.0sp1/quartus/libraries/megafunctions/lpm_divide.tdf                                                         ;         ;
; abs_divider.inc                  ; yes             ; Megafunction                 ; c:/altera/13.0sp1/quartus/libraries/megafunctions/abs_divider.inc                                                        ;         ;
; sign_div_unsign.inc              ; yes             ; Megafunction                 ; c:/altera/13.0sp1/quartus/libraries/megafunctions/sign_div_unsign.inc                                                    ;         ;
; aglobal130.inc                   ; yes             ; Megafunction                 ; c:/altera/13.0sp1/quartus/libraries/megafunctions/aglobal130.inc                                                         ;         ;
; db/lpm_divide_clm.tdf            ; yes             ; Auto-Generated Megafunction  ; C:/Users/Vivian Oliveira/Downloads/trabalho TD-20260118T172604Z-3-001/trabalho TD/trabalho_td/db/lpm_divide_clm.tdf      ;         ;
; db/sign_div_unsign_akh.tdf       ; yes             ; Auto-Generated Megafunction  ; C:/Users/Vivian Oliveira/Downloads/trabalho TD-20260118T172604Z-3-001/trabalho TD/trabalho_td/db/sign_div_unsign_akh.tdf ;         ;
; db/alt_u_div_28f.tdf             ; yes             ; Auto-Generated Megafunction  ; C:/Users/Vivian Oliveira/Downloads/trabalho TD-20260118T172604Z-3-001/trabalho TD/trabalho_td/db/alt_u_div_28f.tdf       ;         ;
; db/add_sub_1tc.tdf               ; yes             ; Auto-Generated Megafunction  ; C:/Users/Vivian Oliveira/Downloads/trabalho TD-20260118T172604Z-3-001/trabalho TD/trabalho_td/db/add_sub_1tc.tdf         ;         ;
; db/add_sub_2tc.tdf               ; yes             ; Auto-Generated Megafunction  ; C:/Users/Vivian Oliveira/Downloads/trabalho TD-20260118T172604Z-3-001/trabalho TD/trabalho_td/db/add_sub_2tc.tdf         ;         ;
; db/lpm_divide_idm.tdf            ; yes             ; Auto-Generated Megafunction  ; C:/Users/Vivian Oliveira/Downloads/trabalho TD-20260118T172604Z-3-001/trabalho TD/trabalho_td/db/lpm_divide_idm.tdf      ;         ;
; db/sign_div_unsign_dkh.tdf       ; yes             ; Auto-Generated Megafunction  ; C:/Users/Vivian Oliveira/Downloads/trabalho TD-20260118T172604Z-3-001/trabalho TD/trabalho_td/db/sign_div_unsign_dkh.tdf ;         ;
; db/alt_u_div_88f.tdf             ; yes             ; Auto-Generated Megafunction  ; C:/Users/Vivian Oliveira/Downloads/trabalho TD-20260118T172604Z-3-001/trabalho TD/trabalho_td/db/alt_u_div_88f.tdf       ;         ;
+----------------------------------+-----------------+------------------------------+--------------------------------------------------------------------------------------------------------------------------+---------+


+---------------------------------------------+
; Analysis & Synthesis Resource Usage Summary ;
+--------------------------+------------------+
; Resource                 ; Usage            ;
+--------------------------+------------------+
; I/O pins                 ; 29               ;
; DSP block 9-bit elements ; 0                ;
; Maximum fan-out node     ; f[0]~input       ;
; Maximum fan-out          ; 21               ;
; Total fan-out            ; 687              ;
; Average fan-out          ; 2.57             ;
+--------------------------+------------------+


+----------------------------------------------------------------------------------------------------------------------------------------------------------------------------------------------------------------------------------------------------------------------------------------------------------------------+
; Analysis & Synthesis Resource Utilization by Entity                                                                                                                                                                                                                                                                  ;
+-------------------------------------------+-------------------+--------------+-------------+--------------+---------+-----------+-----------+------+--------------+-----------------------------------------------------------------------------------------------------------------------------------+--------------+
; Compilation Hierarchy Node                ; LC Combinationals ; LC Registers ; Memory Bits ; DSP Elements ; DSP 9x9 ; DSP 18x18 ; DSP 36x36 ; Pins ; Virtual Pins ; Full Hierarchy Name                                                                                                               ; Library Name ;
+-------------------------------------------+-------------------+--------------+-------------+--------------+---------+-----------+-----------+------+--------------+-----------------------------------------------------------------------------------------------------------------------------------+--------------+
; |display_mux                              ; 209 (50)          ; 0 (0)        ; 0           ; 0            ; 0       ; 0         ; 0         ; 29   ; 0            ; |display_mux                                                                                                                      ; work         ;
;    |a_xor_b:xor_ab|                       ; 3 (3)             ; 0 (0)        ; 0           ; 0            ; 0       ; 0         ; 0         ; 0    ; 0            ; |display_mux|a_xor_b:xor_ab                                                                                                       ; work         ;
;    |display_7seg:display|                 ; 112 (14)          ; 0 (0)        ; 0           ; 0            ; 0       ; 0         ; 0         ; 0    ; 0            ; |display_mux|display_7seg:display                                                                                                 ; work         ;
;       |lpm_divide:Div0|                   ; 43 (0)            ; 0 (0)        ; 0           ; 0            ; 0       ; 0         ; 0         ; 0    ; 0            ; |display_mux|display_7seg:display|lpm_divide:Div0                                                                                 ; work         ;
;          |lpm_divide_clm:auto_generated|  ; 43 (0)            ; 0 (0)        ; 0           ; 0            ; 0       ; 0         ; 0         ; 0    ; 0            ; |display_mux|display_7seg:display|lpm_divide:Div0|lpm_divide_clm:auto_generated                                                   ; work         ;
;             |sign_div_unsign_akh:divider| ; 43 (0)            ; 0 (0)        ; 0           ; 0            ; 0       ; 0         ; 0         ; 0    ; 0            ; |display_mux|display_7seg:display|lpm_divide:Div0|lpm_divide_clm:auto_generated|sign_div_unsign_akh:divider                       ; work         ;
;                |alt_u_div_28f:divider|    ; 43 (43)           ; 0 (0)        ; 0           ; 0            ; 0       ; 0         ; 0         ; 0    ; 0            ; |display_mux|display_7seg:display|lpm_divide:Div0|lpm_divide_clm:auto_generated|sign_div_unsign_akh:divider|alt_u_div_28f:divider ; work         ;
;       |lpm_divide:Mod0|                   ; 55 (0)            ; 0 (0)        ; 0           ; 0            ; 0       ; 0         ; 0         ; 0    ; 0            ; |display_mux|display_7seg:display|lpm_divide:Mod0                                                                                 ; work         ;
;          |lpm_divide_idm:auto_generated|  ; 55 (0)            ; 0 (0)        ; 0           ; 0            ; 0       ; 0         ; 0         ; 0    ; 0            ; |display_mux|display_7seg:display|lpm_divide:Mod0|lpm_divide_idm:auto_generated                                                   ; work         ;
;             |sign_div_unsign_dkh:divider| ; 55 (0)            ; 0 (0)        ; 0           ; 0            ; 0       ; 0         ; 0         ; 0    ; 0            ; |display_mux|display_7seg:display|lpm_divide:Mod0|lpm_divide_idm:auto_generated|sign_div_unsign_dkh:divider                       ; work         ;
;                |alt_u_div_88f:divider|    ; 55 (55)           ; 0 (0)        ; 0           ; 0            ; 0       ; 0         ; 0         ; 0    ; 0            ; |display_mux|display_7seg:display|lpm_divide:Mod0|lpm_divide_idm:auto_generated|sign_div_unsign_dkh:divider|alt_u_div_88f:divider ; work         ;
;    |multiplicador4bits:multiplicador|     ; 29 (8)            ; 0 (0)        ; 0           ; 0            ; 0       ; 0         ; 0         ; 0    ; 0            ; |display_mux|multiplicador4bits:multiplicador                                                                                     ; work         ;
;       |somador4bits:soma1|                ; 6 (0)             ; 0 (0)        ; 0           ; 0            ; 0       ; 0         ; 0         ; 0    ; 0            ; |display_mux|multiplicador4bits:multiplicador|somador4bits:soma1                                                                  ; work         ;
;          |meio_somador:soma1|             ; 2 (2)             ; 0 (0)        ; 0           ; 0            ; 0       ; 0         ; 0         ; 0    ; 0            ; |display_mux|multiplicador4bits:multiplicador|somador4bits:soma1|meio_somador:soma1                                               ; work         ;
;          |somador_completo:soma2|         ; 2 (2)             ; 0 (0)        ; 0           ; 0            ; 0       ; 0         ; 0         ; 0    ; 0            ; |display_mux|multiplicador4bits:multiplicador|somador4bits:soma1|somador_completo:soma2                                           ; work         ;
;          |somador_completo:soma3|         ; 2 (2)             ; 0 (0)        ; 0           ; 0            ; 0       ; 0         ; 0         ; 0    ; 0            ; |display_mux|multiplicador4bits:multiplicador|somador4bits:soma1|somador_completo:soma3                                           ; work         ;
;       |somador4bits:soma2|                ; 8 (0)             ; 0 (0)        ; 0           ; 0            ; 0       ; 0         ; 0         ; 0    ; 0            ; |display_mux|multiplicador4bits:multiplicador|somador4bits:soma2                                                                  ; work         ;
;          |meio_somador:soma1|             ; 2 (2)             ; 0 (0)        ; 0           ; 0            ; 0       ; 0         ; 0         ; 0    ; 0            ; |display_mux|multiplicador4bits:multiplicador|somador4bits:soma2|meio_somador:soma1                                               ; work         ;
;          |somador_completo:soma2|         ; 2 (2)             ; 0 (0)        ; 0           ; 0            ; 0       ; 0         ; 0         ; 0    ; 0            ; |display_mux|multiplicador4bits:multiplicador|somador4bits:soma2|somador_completo:soma2                                           ; work         ;
;          |somador_completo:soma3|         ; 2 (2)             ; 0 (0)        ; 0           ; 0            ; 0       ; 0         ; 0         ; 0    ; 0            ; |display_mux|multiplicador4bits:multiplicador|somador4bits:soma2|somador_completo:soma3                                           ; work         ;
;          |somador_completo:soma4|         ; 2 (2)             ; 0 (0)        ; 0           ; 0            ; 0       ; 0         ; 0         ; 0    ; 0            ; |display_mux|multiplicador4bits:multiplicador|somador4bits:soma2|somador_completo:soma4                                           ; work         ;
;       |somador4bits:soma3|                ; 7 (0)             ; 0 (0)        ; 0           ; 0            ; 0       ; 0         ; 0         ; 0    ; 0            ; |display_mux|multiplicador4bits:multiplicador|somador4bits:soma3                                                                  ; work         ;
;          |meio_somador:soma1|             ; 1 (1)             ; 0 (0)        ; 0           ; 0            ; 0       ; 0         ; 0         ; 0    ; 0            ; |display_mux|multiplicador4bits:multiplicador|somador4bits:soma3|meio_somador:soma1                                               ; work         ;
;          |somador_completo:soma2|         ; 2 (2)             ; 0 (0)        ; 0           ; 0            ; 0       ; 0         ; 0         ; 0    ; 0            ; |display_mux|multiplicador4bits:multiplicador|somador4bits:soma3|somador_completo:soma2                                           ; work         ;
;          |somador_completo:soma3|         ; 2 (2)             ; 0 (0)        ; 0           ; 0            ; 0       ; 0         ; 0         ; 0    ; 0            ; |display_mux|multiplicador4bits:multiplicador|somador4bits:soma3|somador_completo:soma3                                           ; work         ;
;          |somador_completo:soma4|         ; 2 (2)             ; 0 (0)        ; 0           ; 0            ; 0       ; 0         ; 0         ; 0    ; 0            ; |display_mux|multiplicador4bits:multiplicador|somador4bits:soma3|somador_completo:soma4                                           ; work         ;
;    |sl_a:shift_esquerda|                  ; 1 (0)             ; 0 (0)        ; 0           ; 0            ; 0       ; 0         ; 0         ; 0    ; 0            ; |display_mux|sl_a:shift_esquerda                                                                                                  ; work         ;
;       |mux2_1:mux3|                       ; 1 (1)             ; 0 (0)        ; 0           ; 0            ; 0       ; 0         ; 0         ; 0    ; 0            ; |display_mux|sl_a:shift_esquerda|mux2_1:mux3                                                                                      ; work         ;
;    |somador4bits:somador|                 ; 4 (0)             ; 0 (0)        ; 0           ; 0            ; 0       ; 0         ; 0         ; 0    ; 0            ; |display_mux|somador4bits:somador                                                                                                 ; work         ;
;       |somador_completo:soma2|            ; 2 (2)             ; 0 (0)        ; 0           ; 0            ; 0       ; 0         ; 0         ; 0    ; 0            ; |display_mux|somador4bits:somador|somador_completo:soma2                                                                          ; work         ;
;       |somador_completo:soma3|            ; 1 (1)             ; 0 (0)        ; 0           ; 0            ; 0       ; 0         ; 0         ; 0    ; 0            ; |display_mux|somador4bits:somador|somador_completo:soma3                                                                          ; work         ;
;       |somador_completo:soma4|            ; 1 (1)             ; 0 (0)        ; 0           ; 0            ; 0       ; 0         ; 0         ; 0    ; 0            ; |display_mux|somador4bits:somador|somador_completo:soma4                                                                          ; work         ;
;    |sr_b:shift_direita|                   ; 2 (0)             ; 0 (0)        ; 0           ; 0            ; 0       ; 0         ; 0         ; 0    ; 0            ; |display_mux|sr_b:shift_direita                                                                                                   ; work         ;
;       |mux2_1:mux0|                       ; 1 (1)             ; 0 (0)        ; 0           ; 0            ; 0       ; 0         ; 0         ; 0    ; 0            ; |display_mux|sr_b:shift_direita|mux2_1:mux0                                                                                       ; work         ;
;       |mux2_1:mux3|                       ; 1 (1)             ; 0 (0)        ; 0           ; 0            ; 0       ; 0         ; 0         ; 0    ; 0            ; |display_mux|sr_b:shift_direita|mux2_1:mux3                                                                                       ; work         ;
;    |subtrator4bits:subtrator|             ; 8 (0)             ; 0 (0)        ; 0           ; 0            ; 0       ; 0         ; 0         ; 0    ; 0            ; |display_mux|subtrator4bits:subtrator                                                                                             ; work         ;
;       |somador4bits:complemento2|         ; 1 (0)             ; 0 (0)        ; 0           ; 0            ; 0       ; 0         ; 0         ; 0    ; 0            ; |display_mux|subtrator4bits:subtrator|somador4bits:complemento2                                                                   ; work         ;
;          |somador_completo:soma2|         ; 1 (1)             ; 0 (0)        ; 0           ; 0            ; 0       ; 0         ; 0         ; 0    ; 0            ; |display_mux|subtrator4bits:subtrator|somador4bits:complemento2|somador_completo:soma2                                            ; work         ;
;       |somador_completo:soma1|            ; 1 (1)             ; 0 (0)        ; 0           ; 0            ; 0       ; 0         ; 0         ; 0    ; 0            ; |display_mux|subtrator4bits:subtrator|somador_completo:soma1                                                                      ; work         ;
;       |somador_completo:soma2|            ; 2 (2)             ; 0 (0)        ; 0           ; 0            ; 0       ; 0         ; 0         ; 0    ; 0            ; |display_mux|subtrator4bits:subtrator|somador_completo:soma2                                                                      ; work         ;
;       |somador_completo:soma3|            ; 2 (2)             ; 0 (0)        ; 0           ; 0            ; 0       ; 0         ; 0         ; 0    ; 0            ; |display_mux|subtrator4bits:subtrator|somador_completo:soma3                                                                      ; work         ;
;       |somador_completo:soma4|            ; 2 (2)             ; 0 (0)        ; 0           ; 0            ; 0       ; 0         ; 0         ; 0    ; 0            ; |display_mux|subtrator4bits:subtrator|somador_completo:soma4                                                                      ; work         ;
+-------------------------------------------+-------------------+--------------+-------------+--------------+---------+-----------+-----------+------+--------------+-----------------------------------------------------------------------------------------------------------------------------------+--------------+
Note: For table entries with two numbers listed, the numbers in parentheses indicate the number of resources of the given type used by the specific entity alone. The numbers listed outside of parentheses indicate the total resources of the given type used by the specific entity and all of its sub-entities in the hierarchy.


+------------------------------------------------------+
; General Register Statistics                          ;
+----------------------------------------------+-------+
; Statistic                                    ; Value ;
+----------------------------------------------+-------+
; Total registers                              ; 0     ;
; Number of registers using Synchronous Clear  ; 0     ;
; Number of registers using Synchronous Load   ; 0     ;
; Number of registers using Asynchronous Clear ; 0     ;
; Number of registers using Asynchronous Load  ; 0     ;
; Number of registers using Clock Enable       ; 0     ;
; Number of registers using Preset             ; 0     ;
+----------------------------------------------+-------+


+------------------------------------------------------------------------------------------------------------------------------------------+
; Multiplexer Restructuring Statistics (Restructuring Performed)                                                                           ;
+--------------------+-----------+---------------+----------------------+------------------------+------------+----------------------------+
; Multiplexer Inputs ; Bus Width ; Baseline Area ; Area if Restructured ; Saving if Restructured ; Registered ; Example Multiplexer Output ;
+--------------------+-----------+---------------+----------------------+------------------------+------------+----------------------------+
; 16:1               ; 3 bits    ; 30 LEs        ; 9 LEs                ; 21 LEs                 ; No         ; |display_mux|Mux6          ;
; 21:1               ; 2 bits    ; 28 LEs        ; 12 LEs               ; 16 LEs                 ; No         ; |display_mux|Mux11         ;
+--------------------+-----------+---------------+----------------------+------------------------+------------+----------------------------+


+---------------------------------------------------------------------------------------+
; Parameter Settings for Inferred Entity Instance: display_7seg:display|lpm_divide:Div0 ;
+------------------------+----------------+---------------------------------------------+
; Parameter Name         ; Value          ; Type                                        ;
+------------------------+----------------+---------------------------------------------+
; LPM_WIDTHN             ; 7              ; Untyped                                     ;
; LPM_WIDTHD             ; 4              ; Untyped                                     ;
; LPM_NREPRESENTATION    ; UNSIGNED       ; Untyped                                     ;
; LPM_DREPRESENTATION    ; UNSIGNED       ; Untyped                                     ;
; LPM_PIPELINE           ; 0              ; Untyped                                     ;
; LPM_REMAINDERPOSITIVE  ; TRUE           ; Untyped                                     ;
; MAXIMIZE_SPEED         ; 5              ; Untyped                                     ;
; CBXI_PARAMETER         ; lpm_divide_clm ; Untyped                                     ;
; CARRY_CHAIN            ; MANUAL         ; Untyped                                     ;
; OPTIMIZE_FOR_SPEED     ; 5              ; Untyped                                     ;
; AUTO_CARRY_CHAINS      ; ON             ; AUTO_CARRY                                  ;
; IGNORE_CARRY_BUFFERS   ; OFF            ; IGNORE_CARRY                                ;
; AUTO_CASCADE_CHAINS    ; ON             ; AUTO_CASCADE                                ;
; IGNORE_CASCADE_BUFFERS ; OFF            ; IGNORE_CASCADE                              ;
+------------------------+----------------+---------------------------------------------+
Note: In order to hide this table in the UI and the text report file, please set the "Show Parameter Settings in Synthesis Report" option in "Analysis and Synthesis Settings -> More Settings" to "Off".


+---------------------------------------------------------------------------------------+
; Parameter Settings for Inferred Entity Instance: display_7seg:display|lpm_divide:Mod0 ;
+------------------------+----------------+---------------------------------------------+
; Parameter Name         ; Value          ; Type                                        ;
+------------------------+----------------+---------------------------------------------+
; LPM_WIDTHN             ; 7              ; Untyped                                     ;
; LPM_WIDTHD             ; 7              ; Untyped                                     ;
; LPM_NREPRESENTATION    ; UNSIGNED       ; Untyped                                     ;
; LPM_DREPRESENTATION    ; UNSIGNED       ; Untyped                                     ;
; LPM_PIPELINE           ; 0              ; Untyped                                     ;
; LPM_REMAINDERPOSITIVE  ; TRUE           ; Untyped                                     ;
; MAXIMIZE_SPEED         ; 5              ; Untyped                                     ;
; CBXI_PARAMETER         ; lpm_divide_idm ; Untyped                                     ;
; CARRY_CHAIN            ; MANUAL         ; Untyped                                     ;
; OPTIMIZE_FOR_SPEED     ; 5              ; Untyped                                     ;
; AUTO_CARRY_CHAINS      ; ON             ; AUTO_CARRY                                  ;
; IGNORE_CARRY_BUFFERS   ; OFF            ; IGNORE_CARRY                                ;
; AUTO_CASCADE_CHAINS    ; ON             ; AUTO_CASCADE                                ;
; IGNORE_CASCADE_BUFFERS ; OFF            ; IGNORE_CASCADE                              ;
+------------------------+----------------+---------------------------------------------+
Note: In order to hide this table in the UI and the text report file, please set the "Show Parameter Settings in Synthesis Report" option in "Analysis and Synthesis Settings -> More Settings" to "Off".


+----------------------------------------------------------------------------------------------------------------+
; Port Connectivity Checks: "menor:comparar_menor|subtrator4bits:subtracao"                                      ;
+------+--------+----------+-------------------------------------------------------------------------------------+
; Port ; Type   ; Severity ; Details                                                                             ;
+------+--------+----------+-------------------------------------------------------------------------------------+
; s    ; Output ; Info     ; Connected to dangling logic. Logic that only feeds a dangling port will be removed. ;
; c3   ; Output ; Info     ; Connected to dangling logic. Logic that only feeds a dangling port will be removed. ;
+------+--------+----------+-------------------------------------------------------------------------------------+


+----------------------------------------------------------------------------------------------------------------+
; Port Connectivity Checks: "maior:comparar_maior|subtrator4bits:subtracao"                                      ;
+------+--------+----------+-------------------------------------------------------------------------------------+
; Port ; Type   ; Severity ; Details                                                                             ;
+------+--------+----------+-------------------------------------------------------------------------------------+
; s    ; Output ; Info     ; Connected to dangling logic. Logic that only feeds a dangling port will be removed. ;
; c3   ; Output ; Info     ; Connected to dangling logic. Logic that only feeds a dangling port will be removed. ;
+------+--------+----------+-------------------------------------------------------------------------------------+


+--------------------------------------------------+
; Port Connectivity Checks: "sr_b:shift_direita"   ;
+----------------+-------+----------+--------------+
; Port           ; Type  ; Severity ; Details      ;
+----------------+-------+----------+--------------+
; entrada_serial ; Input ; Info     ; Stuck at GND ;
+----------------+-------+----------+--------------+


+-------------------------------------------------------------+
; Port Connectivity Checks: "sl_a:shift_esquerda|mux2_1:mux4" ;
+------+-------+----------+-----------------------------------+
; Port ; Type  ; Severity ; Details                           ;
+------+-------+----------+-----------------------------------+
; a[0] ; Input ; Info     ; Stuck at GND                      ;
+------+-------+----------+-----------------------------------+


+--------------------------------------------------+
; Port Connectivity Checks: "sl_a:shift_esquerda"  ;
+----------------+-------+----------+--------------+
; Port           ; Type  ; Severity ; Details      ;
+----------------+-------+----------+--------------+
; entrada_serial ; Input ; Info     ; Stuck at GND ;
+----------------+-------+----------+--------------+


+--------------------------------------------------------------------------------------------------------------------+
; Port Connectivity Checks: "multiplicador4bits:multiplicador|somador4bits:soma3"                                    ;
+----------+--------+----------+-------------------------------------------------------------------------------------+
; Port     ; Type   ; Severity ; Details                                                                             ;
+----------+--------+----------+-------------------------------------------------------------------------------------+
; s[13..4] ; Output ; Info     ; Connected to dangling logic. Logic that only feeds a dangling port will be removed. ;
+----------+--------+----------+-------------------------------------------------------------------------------------+


+--------------------------------------------------------------------------------------------------------------------+
; Port Connectivity Checks: "multiplicador4bits:multiplicador|somador4bits:soma2"                                    ;
+----------+--------+----------+-------------------------------------------------------------------------------------+
; Port     ; Type   ; Severity ; Details                                                                             ;
+----------+--------+----------+-------------------------------------------------------------------------------------+
; s[13..4] ; Output ; Info     ; Connected to dangling logic. Logic that only feeds a dangling port will be removed. ;
+----------+--------+----------+-------------------------------------------------------------------------------------+


+--------------------------------------------------------------------------------------------------------------------+
; Port Connectivity Checks: "multiplicador4bits:multiplicador|somador4bits:soma1"                                    ;
+----------+--------+----------+-------------------------------------------------------------------------------------+
; Port     ; Type   ; Severity ; Details                                                                             ;
+----------+--------+----------+-------------------------------------------------------------------------------------+
; a[3]     ; Input  ; Info     ; Stuck at GND                                                                        ;
; s[13..4] ; Output ; Info     ; Connected to dangling logic. Logic that only feeds a dangling port will be removed. ;
+----------+--------+----------+-------------------------------------------------------------------------------------+


+-------------------------------------------------------------------------------------------------------------------+
; Port Connectivity Checks: "subtrator4bits:subtrator|somador4bits:complemento2"                                    ;
+---------+--------+----------+-------------------------------------------------------------------------------------+
; Port    ; Type   ; Severity ; Details                                                                             ;
+---------+--------+----------+-------------------------------------------------------------------------------------+
; b[3..1] ; Input  ; Info     ; Stuck at GND                                                                        ;
; b[0]    ; Input  ; Info     ; Stuck at VCC                                                                        ;
; c3      ; Output ; Info     ; Connected to dangling logic. Logic that only feeds a dangling port will be removed. ;
+---------+--------+----------+-------------------------------------------------------------------------------------+


+-----------------------------------------------------------------------------+
; Port Connectivity Checks: "subtrator4bits:subtrator|somador_completo:soma1" ;
+------+-------+----------+---------------------------------------------------+
; Port ; Type  ; Severity ; Details                                           ;
+------+-------+----------+---------------------------------------------------+
; c_in ; Input ; Info     ; Stuck at VCC                                      ;
+------+-------+----------+---------------------------------------------------+


+----------------------------------------------------------------------------------------------------------------+
; Port Connectivity Checks: "subtrator4bits:subtrator"                                                           ;
+------+--------+----------+-------------------------------------------------------------------------------------+
; Port ; Type   ; Severity ; Details                                                                             ;
+------+--------+----------+-------------------------------------------------------------------------------------+
; c3   ; Output ; Info     ; Connected to dangling logic. Logic that only feeds a dangling port will be removed. ;
+------+--------+----------+-------------------------------------------------------------------------------------+


+----------------------------------------------------------------------------------------------------------------+
; Port Connectivity Checks: "somador4bits:somador"                                                               ;
+------+--------+----------+-------------------------------------------------------------------------------------+
; Port ; Type   ; Severity ; Details                                                                             ;
+------+--------+----------+-------------------------------------------------------------------------------------+
; c3   ; Output ; Info     ; Connected to dangling logic. Logic that only feeds a dangling port will be removed. ;
+------+--------+----------+-------------------------------------------------------------------------------------+


+-------------------------------+
; Elapsed Time Per Partition    ;
+----------------+--------------+
; Partition Name ; Elapsed Time ;
+----------------+--------------+
; Top            ; 00:00:01     ;
+----------------+--------------+


+-------------------------------+
; Analysis & Synthesis Messages ;
+-------------------------------+
Info: *******************************************************************
Info: Running Quartus II 64-Bit Analysis & Synthesis
    Info: Version 13.0.1 Build 232 06/12/2013 Service Pack 1 SJ Web Edition
    Info: Processing started: Sun Jan 18 14:55:32 2026
Info: Command: quartus_map --read_settings_files=on --write_settings_files=off trabalho_td -c trabalho_td
Warning (20028): Parallel compilation is not licensed and has been disabled
Info (12021): Found 2 design units, including 1 entities, in source file meio_somador.vhd
    Info (12022): Found design unit 1: meio_somador-arq_meio_somador
    Info (12023): Found entity 1: meio_somador
Info (12021): Found 2 design units, including 1 entities, in source file somador_completo.vhd
    Info (12022): Found design unit 1: somador_completo-arq_somador_completo
    Info (12023): Found entity 1: somador_completo
Info (12021): Found 2 design units, including 1 entities, in source file somador4bits.vhd
    Info (12022): Found design unit 1: somador4bits-arq_somador4bits
    Info (12023): Found entity 1: somador4bits
Info (12021): Found 2 design units, including 1 entities, in source file multiplicador4bits.vhd
    Info (12022): Found design unit 1: multiplicador4bits-arq_multiplicador4bits
    Info (12023): Found entity 1: multiplicador4bits
Info (12021): Found 2 design units, including 1 entities, in source file subtrator4bits.vhd
    Info (12022): Found design unit 1: subtrator4bits-arq_subtrator4bits
    Info (12023): Found entity 1: subtrator4bits
Info (12021): Found 2 design units, including 1 entities, in source file display_7seg.vhd
    Info (12022): Found design unit 1: display_7seg-arq_display_7seg
    Info (12023): Found entity 1: display_7seg
Info (12021): Found 2 design units, including 1 entities, in source file cod_bin_hexa.vhd
    Info (12022): Found design unit 1: cod_bin_hexa-arq_cod_bin_hexa
    Info (12023): Found entity 1: cod_bin_hexa
Info (12021): Found 2 design units, including 1 entities, in source file display_mux.vhd
    Info (12022): Found design unit 1: display_mux-arq_display_mux
    Info (12023): Found entity 1: display_mux
Info (12021): Found 2 design units, including 1 entities, in source file mux2_1.vhd
    Info (12022): Found design unit 1: mux2_1-arq_mux2_1
    Info (12023): Found entity 1: mux2_1
Info (12021): Found 2 design units, including 1 entities, in source file sl_a.vhd
    Info (12022): Found design unit 1: sl_a-arq_sl_a
    Info (12023): Found entity 1: sl_a
Info (12021): Found 2 design units, including 1 entities, in source file a_xor_b.vhd
    Info (12022): Found design unit 1: a_xor_b-arq_a_xor_b
    Info (12023): Found entity 1: a_xor_b
Info (12021): Found 2 design units, including 1 entities, in source file maior.vhd
    Info (12022): Found design unit 1: maior-arq_maior
    Info (12023): Found entity 1: maior
Info (12021): Found 2 design units, including 1 entities, in source file menor.vhd
    Info (12022): Found design unit 1: menor-arq_menor
    Info (12023): Found entity 1: menor
Info (12021): Found 2 design units, including 1 entities, in source file sr_b.vhd
    Info (12022): Found design unit 1: sr_b-arq_sr_b
    Info (12023): Found entity 1: sr_b
Info (12127): Elaborating entity "display_mux" for the top level hierarchy
Info (12128): Elaborating entity "somador4bits" for hierarchy "somador4bits:somador"
Warning (10873): Using initial value X (don't care) for net "s[13..4]" at somador4bits.vhd(7)
Info (12128): Elaborating entity "meio_somador" for hierarchy "somador4bits:somador|meio_somador:soma1"
Info (12128): Elaborating entity "somador_completo" for hierarchy "somador4bits:somador|somador_completo:soma2"
Info (12128): Elaborating entity "subtrator4bits" for hierarchy "subtrator4bits:subtrator"
Warning (10873): Using initial value X (don't care) for net "s_sub[13..4]" at subtrator4bits.vhd(13)
Info (12128): Elaborating entity "multiplicador4bits" for hierarchy "multiplicador4bits:multiplicador"
Critical Warning (10920): VHDL Incomplete Partial Association warning at multiplicador4bits.vhd(27): port or argument "s" has 10/14 unassociated elements
Critical Warning (10920): VHDL Incomplete Partial Association warning at multiplicador4bits.vhd(43): port or argument "s" has 10/14 unassociated elements
Critical Warning (10920): VHDL Incomplete Partial Association warning at multiplicador4bits.vhd(59): port or argument "s" has 10/14 unassociated elements
Warning (10873): Using initial value X (don't care) for net "m[13..8]" at multiplicador4bits.vhd(7)
Info (12128): Elaborating entity "cod_bin_hexa" for hierarchy "cod_bin_hexa:codificador"
Info (12128): Elaborating entity "a_xor_b" for hierarchy "a_xor_b:xor_ab"
Info (12128): Elaborating entity "sl_a" for hierarchy "sl_a:shift_esquerda"
Info (12128): Elaborating entity "mux2_1" for hierarchy "sl_a:shift_esquerda|mux2_1:mux4"
Info (12128): Elaborating entity "sr_b" for hierarchy "sr_b:shift_direita"
Info (12128): Elaborating entity "maior" for hierarchy "maior:comparar_maior"
Warning (10873): Using initial value X (don't care) for net "maior[13..4]" at maior.vhd(7)
Info (12128): Elaborating entity "menor" for hierarchy "menor:comparar_menor"
Warning (10873): Using initial value X (don't care) for net "menor[13..4]" at menor.vhd(7)
Info (12128): Elaborating entity "display_7seg" for hierarchy "display_7seg:display"
Info (278001): Inferred 2 megafunctions from design logic
    Info (278004): Inferred divider/modulo megafunction ("lpm_divide") from the following logic: "display_7seg:display|Div0"
    Info (278004): Inferred divider/modulo megafunction ("lpm_divide") from the following logic: "display_7seg:display|Mod0"
Info (12130): Elaborated megafunction instantiation "display_7seg:display|lpm_divide:Div0"
Info (12133): Instantiated megafunction "display_7seg:display|lpm_divide:Div0" with the following parameter:
    Info (12134): Parameter "LPM_WIDTHN" = "7"
    Info (12134): Parameter "LPM_WIDTHD" = "4"
    Info (12134): Parameter "LPM_NREPRESENTATION" = "UNSIGNED"
    Info (12134): Parameter "LPM_DREPRESENTATION" = "UNSIGNED"
Info (12021): Found 1 design units, including 1 entities, in source file db/lpm_divide_clm.tdf
    Info (12023): Found entity 1: lpm_divide_clm
Info (12021): Found 1 design units, including 1 entities, in source file db/sign_div_unsign_akh.tdf
    Info (12023): Found entity 1: sign_div_unsign_akh
Info (12021): Found 1 design units, including 1 entities, in source file db/alt_u_div_28f.tdf
    Info (12023): Found entity 1: alt_u_div_28f
Info (12021): Found 1 design units, including 1 entities, in source file db/add_sub_1tc.tdf
    Info (12023): Found entity 1: add_sub_1tc
Info (12021): Found 1 design units, including 1 entities, in source file db/add_sub_2tc.tdf
    Info (12023): Found entity 1: add_sub_2tc
Info (12130): Elaborated megafunction instantiation "display_7seg:display|lpm_divide:Mod0"
Info (12133): Instantiated megafunction "display_7seg:display|lpm_divide:Mod0" with the following parameter:
    Info (12134): Parameter "LPM_WIDTHN" = "7"
    Info (12134): Parameter "LPM_WIDTHD" = "7"
    Info (12134): Parameter "LPM_NREPRESENTATION" = "UNSIGNED"
    Info (12134): Parameter "LPM_DREPRESENTATION" = "UNSIGNED"
Info (12021): Found 1 design units, including 1 entities, in source file db/lpm_divide_idm.tdf
    Info (12023): Found entity 1: lpm_divide_idm
Info (12021): Found 1 design units, including 1 entities, in source file db/sign_div_unsign_dkh.tdf
    Info (12023): Found entity 1: sign_div_unsign_dkh
Info (12021): Found 1 design units, including 1 entities, in source file db/alt_u_div_88f.tdf
    Info (12023): Found entity 1: alt_u_div_88f
Info (286030): Timing-Driven Synthesis is running
Info (16010): Generating hard_block partition "hard_block:auto_generated_inst"
    Info (16011): Adding 0 node(s), including 0 DDIO, 0 PLL, 0 transceiver and 0 LCELL
Info (21057): Implemented 238 device resources after synthesis - the final resource count might be different
    Info (21058): Implemented 13 input pins
    Info (21059): Implemented 16 output pins
    Info (21061): Implemented 209 logic cells
Info: Quartus II 64-Bit Analysis & Synthesis was successful. 0 errors, 9 warnings
    Info: Peak virtual memory: 4700 megabytes
    Info: Processing ended: Sun Jan 18 14:55:34 2026
    Info: Elapsed time: 00:00:02
    Info: Total CPU time (on all processors): 00:00:02


